{"uuid":"76237069-73e9-4659-880c-6255aa9ac43c","historyId":"1161c0ec9a9ad987a1704b6f9a1ce87f","fullName":"com.api.testing.main.XCUITestAPI.bookDevice","labels":[{"name":"package","value":"com.api.testing.main.XCUITestAPI"},{"name":"testClass","value":"com.api.testing.main.XCUITestAPI"},{"name":"testMethod","value":"bookDevice"},{"name":"parentSuite","value":"Default suite"},{"name":"suite","value":"Default test"},{"name":"subSuite","value":"com.api.testing.main.XCUITestAPI"},{"name":"host","value":"satyamkumar-pc"},{"name":"thread","value":"70400@satyamkumar-pc.main(1)"},{"name":"framework","value":"testng"},{"name":"language","value":"java"}],"links":[],"name":"bookDevice","status":"broken","statusDetails":{"known":false,"muted":false,"flaky":false,"message":"The parameter \"data\" was used but not defined. Define parameters using the JsonPath.params(...) function","trace":"java.lang.IllegalArgumentException: The parameter \"data\" was used but not defined. Define parameters using the JsonPath.params(...) function\n\tat java.base/jdk.internal.reflect.NativeConstructorAccessorImpl.newInstance0(Native Method)\n\tat java.base/jdk.internal.reflect.NativeConstructorAccessorImpl.newInstance(NativeConstructorAccessorImpl.java:62)\n\tat java.base/jdk.internal.reflect.DelegatingConstructorAccessorImpl.newInstance(DelegatingConstructorAccessorImpl.java:45)\n\tat java.base/java.lang.reflect.Constructor.newInstance(Constructor.java:490)\n\tat org.codehaus.groovy.reflection.CachedConstructor.invoke(CachedConstructor.java:73)\n\tat org.codehaus.groovy.runtime.callsite.ConstructorSite$ConstructorSiteNoUnwrapNoCoerce.callConstructor(ConstructorSite.java:108)\n\tat org.codehaus.groovy.runtime.callsite.CallSiteArray.defaultCallConstructor(CallSiteArray.java:57)\n\tat org.codehaus.groovy.runtime.callsite.AbstractCallSite.callConstructor(AbstractCallSite.java:263)\n\tat org.codehaus.groovy.runtime.callsite.AbstractCallSite.callConstructor(AbstractCallSite.java:286)\n\tat io.restassured.internal.path.json.JSONAssertion.getAsJsonObject(JSONAssertion.groovy:50)\n\tat io.restassured.internal.path.json.JSONAssertion$getAsJsonObject.callCurrent(Unknown Source)\n\tat org.codehaus.groovy.runtime.callsite.CallSiteArray.defaultCallCurrent(CallSiteArray.java:49)\n\tat org.codehaus.groovy.runtime.callsite.AbstractCallSite.callCurrent(AbstractCallSite.java:171)\n\tat org.codehaus.groovy.runtime.callsite.AbstractCallSite.callCurrent(AbstractCallSite.java:185)\n\tat io.restassured.internal.path.json.JSONAssertion.getResult(JSONAssertion.groovy:28)\n\tat io.restassured.path.json.JsonPath.get(JsonPath.java:203)\n\tat io.restassured.path.json.JsonPath.getInt(JsonPath.java:237)\n\tat com.api.testing.main.XCUITestAPI.bookDevice(XCUITestAPI.java:53)\n\tat java.base/jdk.internal.reflect.NativeMethodAccessorImpl.invoke0(Native Method)\n\tat java.base/jdk.internal.reflect.NativeMethodAccessorImpl.invoke(NativeMethodAccessorImpl.java:62)\n\tat java.base/jdk.internal.reflect.DelegatingMethodAccessorImpl.invoke(DelegatingMethodAccessorImpl.java:43)\n\tat java.base/java.lang.reflect.Method.invoke(Method.java:566)\n\tat org.testng.internal.MethodInvocationHelper.invokeMethod(MethodInvocationHelper.java:108)\n\tat org.testng.internal.Invoker.invokeMethod(Invoker.java:661)\n\tat org.testng.internal.Invoker.invokeTestMethod(Invoker.java:869)\n\tat org.testng.internal.Invoker.invokeTestMethods(Invoker.java:1193)\n\tat org.testng.internal.TestMethodWorker.invokeTestMethods(TestMethodWorker.java:126)\n\tat org.testng.internal.TestMethodWorker.run(TestMethodWorker.java:109)\n\tat org.testng.TestRunner.privateRun(TestRunner.java:744)\n\tat org.testng.TestRunner.run(TestRunner.java:602)\n\tat org.testng.SuiteRunner.runTest(SuiteRunner.java:380)\n\tat org.testng.SuiteRunner.runSequentially(SuiteRunner.java:375)\n\tat org.testng.SuiteRunner.privateRun(SuiteRunner.java:340)\n\tat org.testng.SuiteRunner.run(SuiteRunner.java:289)\n\tat org.testng.SuiteRunnerWorker.runSuite(SuiteRunnerWorker.java:52)\n\tat org.testng.SuiteRunnerWorker.run(SuiteRunnerWorker.java:86)\n\tat org.testng.TestNG.runSuitesSequentially(TestNG.java:1301)\n\tat org.testng.TestNG.runSuitesLocally(TestNG.java:1226)\n\tat org.testng.TestNG.runSuites(TestNG.java:1144)\n\tat org.testng.TestNG.run(TestNG.java:1115)\n\tat org.testng.remote.AbstractRemoteTestNG.run(AbstractRemoteTestNG.java:115)\n\tat org.testng.remote.RemoteTestNG.initAndRun(RemoteTestNG.java:251)\n\tat org.testng.remote.RemoteTestNG.main(RemoteTestNG.java:77)\nCaused by: groovy.lang.MissingPropertyException: No such property: data for class: java.lang.String\nPossible solutions: hash\n\tat org.codehaus.groovy.runtime.ScriptBytecodeAdapter.unwrap(ScriptBytecodeAdapter.java:67)\n\tat org.codehaus.groovy.vmplugin.v8.IndyGuardsFiltersAndSignatures.unwrap(IndyGuardsFiltersAndSignatures.java:161)\n\tat org.codehaus.groovy.vmplugin.v8.IndyInterface.fromCache(IndyInterface.java:318)\n\tat Script1.run(Script1.groovy:1)\n\tat groovy.lang.GroovyShell.evaluate(GroovyShell.java:460)\n\tat groovy.lang.GroovyShell.evaluate(GroovyShell.java:495)\n\tat groovy.lang.GroovyShell.evaluate(GroovyShell.java:469)\n\tat java.base/jdk.internal.reflect.NativeMethodAccessorImpl.invoke0(Native Method)\n\tat java.base/jdk.internal.reflect.NativeMethodAccessorImpl.invoke(NativeMethodAccessorImpl.java:62)\n\tat java.base/jdk.internal.reflect.DelegatingMethodAccessorImpl.invoke(DelegatingMethodAccessorImpl.java:43)\n\tat java.base/java.lang.reflect.Method.invoke(Method.java:566)\n\tat org.codehaus.groovy.runtime.callsite.PlainObjectMetaMethodSite.doInvoke(PlainObjectMetaMethodSite.java:43)\n\tat org.codehaus.groovy.runtime.callsite.PogoMetaMethodSite$PogoCachedMethodSiteNoUnwrap.invoke(PogoMetaMethodSite.java:186)\n\tat org.codehaus.groovy.runtime.callsite.PogoMetaMethodSite.call(PogoMetaMethodSite.java:75)\n\tat org.codehaus.groovy.runtime.callsite.CallSiteArray.defaultCall(CallSiteArray.java:45)\n\tat org.codehaus.groovy.runtime.callsite.AbstractCallSite.call(AbstractCallSite.java:125)\n\tat org.codehaus.groovy.runtime.callsite.AbstractCallSite.call(AbstractCallSite.java:139)\n\tat io.restassured.internal.path.json.JSONAssertion.eval(JSONAssertion.groovy:84)\n\tat io.restassured.internal.path.json.JSONAssertion.this$2$eval(JSONAssertion.groovy)\n\tat java.base/jdk.internal.reflect.NativeMethodAccessorImpl.invoke0(Native Method)\n\tat java.base/jdk.internal.reflect.NativeMethodAccessorImpl.invoke(NativeMethodAccessorImpl.java:62)\n\tat java.base/jdk.internal.reflect.DelegatingMethodAccessorImpl.invoke(DelegatingMethodAccessorImpl.java:43)\n\tat java.base/java.lang.reflect.Method.invoke(Method.java:566)\n\tat org.codehaus.groovy.runtime.callsite.PlainObjectMetaMethodSite.doInvoke(PlainObjectMetaMethodSite.java:43)\n\tat org.codehaus.groovy.runtime.callsite.PogoMetaMethodSite$PogoCachedMethodSiteNoUnwrapNoCoerce.invoke(PogoMetaMethodSite.java:198)\n\tat org.codehaus.groovy.runtime.callsite.PogoMetaMethodSite.callCurrent(PogoMetaMethodSite.java:62)\n\tat org.codehaus.groovy.runtime.callsite.CallSiteArray.defaultCallCurrent(CallSiteArray.java:49)\n\tat org.codehaus.groovy.runtime.callsite.AbstractCallSite.callCurrent(AbstractCallSite.java:171)\n\tat org.codehaus.groovy.runtime.callsite.AbstractCallSite.callCurrent(AbstractCallSite.java:203)\n\tat io.restassured.internal.path.json.JSONAssertion.getAsJsonObject(JSONAssertion.groovy:46)\n\t... 33 more\n"},"stage":"finished","steps":[],"attachments":[],"parameters":[],"start":1748348045292,"stop":1748348054096}