<?xml version="1.0" encoding="UTF-8"?>
<testng-results ignored="0" total="8" passed="7" failed="1" skipped="0">
  <reporter-output>
  </reporter-output>
  <suite started-at="2025-06-15T13:11:28Z" name="Default suite" finished-at="2025-06-15T13:18:05Z" duration-ms="396907">
    <groups>
    </groups>
    <test started-at="2025-06-15T13:11:28Z" name="Default test" finished-at="2025-06-15T13:18:05Z" duration-ms="396907">
      <class name="com.api.testing.main.XCUITestAPI">
        <test-method signature="getAuthToken()[pri:1, instance:com.api.testing.main.XCUITestAPI@3f91b517]" started-at="2025-06-15T18:41:28Z" name="getAuthToken" finished-at="2025-06-15T18:41:35Z" duration-ms="6960" status="PASS">
          <reporter-output>
          </reporter-output>
        </test-method> <!-- getAuthToken -->
        <test-method signature="getDeviceList()[pri:2, instance:com.api.testing.main.XCUITestAPI@3f91b517]" started-at="2025-06-15T18:41:35Z" name="getDeviceList" finished-at="2025-06-15T18:41:46Z" duration-ms="11045" status="PASS">
          <reporter-output>
          </reporter-output>
        </test-method> <!-- getDeviceList -->
        <test-method signature="bookDevice()[pri:3, instance:com.api.testing.main.XCUITestAPI@3f91b517]" started-at="2025-06-15T18:41:46Z" name="bookDevice" finished-at="2025-06-15T18:41:48Z" duration-ms="1204" status="PASS">
          <reporter-output>
          </reporter-output>
        </test-method> <!-- bookDevice -->
        <test-method signature="getAvailableApps()[pri:4, instance:com.api.testing.main.XCUITestAPI@3f91b517]" started-at="2025-06-15T18:41:48Z" name="getAvailableApps" finished-at="2025-06-15T18:41:48Z" duration-ms="628" status="PASS">
          <reporter-output>
          </reporter-output>
        </test-method> <!-- getAvailableApps -->
        <test-method signature="startXCTestAutomation()[pri:5, instance:com.api.testing.main.XCUITestAPI@3f91b517]" started-at="2025-06-15T18:41:48Z" name="startXCTestAutomation" finished-at="2025-06-15T18:41:50Z" duration-ms="2073" status="PASS">
          <reporter-output>
          </reporter-output>
        </test-method> <!-- startXCTestAutomation -->
        <test-method signature="xcTestStartDeviceService()[pri:6, instance:com.api.testing.main.XCUITestAPI@3f91b517]" started-at="2025-06-15T18:41:50Z" name="xcTestStartDeviceService" finished-at="2025-06-15T18:46:50Z" duration-ms="300185" status="FAIL">
          <exception class="io.restassured.path.json.exception.JsonPathException">
            <message>
              <![CDATA[Failed to parse the JSON document]]>
            </message>
            <full-stacktrace>
              <![CDATA[io.restassured.path.json.exception.JsonPathException: Failed to parse the JSON document
	at io.restassured.path.json.JsonPath$ExceptionCatcher.invoke(JsonPath.java:1002)
	at io.restassured.path.json.JsonPath$4.doParseWith(JsonPath.java:967)
	at io.restassured.path.json.JsonPath$JsonParser.parseWith(JsonPath.java:1047)
	at io.restassured.path.json.JsonPath.toJsonString(JsonPath.java:1064)
	at io.restassured.path.json.JsonPath.prettify(JsonPath.java:685)
	at com.api.testing.utils.JsonUtil.printFormattedJson(JsonUtil.java:9)
	at com.api.testing.main.XCUITestAPI.xcTestStartDeviceService(XCUITestAPI.java:99)
	at java.base/jdk.internal.reflect.NativeMethodAccessorImpl.invoke0(Native Method)
	at java.base/jdk.internal.reflect.NativeMethodAccessorImpl.invoke(NativeMethodAccessorImpl.java:62)
	at java.base/jdk.internal.reflect.DelegatingMethodAccessorImpl.invoke(DelegatingMethodAccessorImpl.java:43)
	at java.base/java.lang.reflect.Method.invoke(Method.java:566)
	at org.testng.internal.MethodInvocationHelper.invokeMethod(MethodInvocationHelper.java:108)
	at org.testng.internal.Invoker.invokeMethod(Invoker.java:661)
	at org.testng.internal.Invoker.invokeTestMethod(Invoker.java:869)
	at org.testng.internal.Invoker.invokeTestMethods(Invoker.java:1193)
	at org.testng.internal.TestMethodWorker.invokeTestMethods(TestMethodWorker.java:126)
	at org.testng.internal.TestMethodWorker.run(TestMethodWorker.java:109)
	at org.testng.TestRunner.privateRun(TestRunner.java:744)
	at org.testng.TestRunner.run(TestRunner.java:602)
	at org.testng.SuiteRunner.runTest(SuiteRunner.java:380)
	at org.testng.SuiteRunner.runSequentially(SuiteRunner.java:375)
	at org.testng.SuiteRunner.privateRun(SuiteRunner.java:340)
	at org.testng.SuiteRunner.run(SuiteRunner.java:289)
	at org.testng.SuiteRunnerWorker.runSuite(SuiteRunnerWorker.java:52)
	at org.testng.SuiteRunnerWorker.run(SuiteRunnerWorker.java:86)
	at org.testng.TestNG.runSuitesSequentially(TestNG.java:1301)
	at org.testng.TestNG.runSuitesLocally(TestNG.java:1226)
	at org.testng.TestNG.runSuites(TestNG.java:1144)
	at org.testng.TestNG.run(TestNG.java:1115)
	at org.testng.remote.AbstractRemoteTestNG.run(AbstractRemoteTestNG.java:115)
	at org.testng.remote.RemoteTestNG.initAndRun(RemoteTestNG.java:251)
	at org.testng.remote.RemoteTestNG.main(RemoteTestNG.java:77)
Caused by: groovy.json.JsonException: Lexing failed on line: 1, column: 1, while reading '<', no possible valid JSON value or punctuation could be recognized.
	at groovy.json.JsonLexer.nextToken(JsonLexer.java:86)
	at groovy.json.JsonLexer$nextToken.call(Unknown Source)
	at io.restassured.internal.path.json.ConfigurableJsonSlurper.parse(ConfigurableJsonSlurper.groovy:97)
	at io.restassured.internal.path.json.ConfigurableJsonSlurper$parse.callCurrent(Unknown Source)
	at io.restassured.internal.path.json.ConfigurableJsonSlurper.parseText(ConfigurableJsonSlurper.groovy:83)
	at io.restassured.path.json.JsonPath$4$1.method(JsonPath.java:965)
	at io.restassured.path.json.JsonPath$ExceptionCatcher.invoke(JsonPath.java:1000)
	... 31 more
]]>
            </full-stacktrace>
          </exception> <!-- io.restassured.path.json.exception.JsonPathException -->
          <reporter-output>
          </reporter-output>
        </test-method> <!-- xcTestStartDeviceService -->
        <test-method signature="releaseXCTestDevice()[pri:7, instance:com.api.testing.main.XCUITestAPI@3f91b517]" started-at="2025-06-15T18:46:50Z" name="releaseXCTestDevice" finished-at="2025-06-15T18:47:06Z" duration-ms="15552" status="PASS">
          <reporter-output>
          </reporter-output>
        </test-method> <!-- releaseXCTestDevice -->
        <test-method signature="xcTestShareableReportLink()[pri:8, instance:com.api.testing.main.XCUITestAPI@3f91b517]" started-at="2025-06-15T18:47:06Z" name="xcTestShareableReportLink" finished-at="2025-06-15T18:48:05Z" duration-ms="59114" status="PASS">
          <reporter-output>
          </reporter-output>
        </test-method> <!-- xcTestShareableReportLink -->
      </class> <!-- com.api.testing.main.XCUITestAPI -->
    </test> <!-- Default test -->
  </suite> <!-- Default suite -->
</testng-results>
